[2025-06-15 20:17:15] Conectado como reqert (ID: 1193819404094423070)
[2025-06-15 20:17:15] Monitorando o usuário _77eternal (ID: 1130233380924051476)[2025-06-15 20:27:17] Conectado como reqert (ID: 1193819404094423070)
[2025-06-15 20:27:17] Monitorando o usuário yzzrr (ID: 659546816454459422)
[2025-06-15 20:37:22] Status alterado: yzzrr — offline > dnd
[2025-06-15 20:37:28] yzzrr enviou mensagem em DM: 1383953343210197016
[2025-06-15 20:37:32] yzzrr enviou mensagem em DM: 1383953360754835558
[2025-06-15 20:37:35] yzzrr enviou mensagem em DM: 1383953375842013256
[2025-06-15 20:38:29] Status alterado: yzzrr — dnd > dnd
[2025-06-15 20:38:29] Status alterado: yzzrr — dnd > dnd
[2025-06-15 20:39:07] Status alterado: yzzrr — dnd > dnd
[2025-06-15 20:39:09] Status alterado: yzzrr — dnd > dnd
[2025-06-15 20:39:25] yzzrr enviou mensagem em DM: 1383953835822940221
[2025-06-15 20:39:48] yzzrr enviou mensagem em DM: 1383953931276648598
[2025-06-15 20:40:42] Status alterado: yzzrr — dnd > dnd
[2025-06-15 20:40:49] Status alterado: yzzrr — dnd > dnd
[2025-06-15 20:40:49] Status alterado: yzzrr — dnd > dnd
[2025-06-15 20:40:56] yzzrr enviou mensagem em DM: 1383954216845971527
[2025-06-15 20:40:57] yzzrr enviou mensagem em DM: 1383954223607185408
[2025-06-15 20:40:59] yzzrr enviou mensagem em DM: 1383954228426571836
[2025-06-15 20:41:49] yzzrr enviou mensagem em DM: 1383954440028950599
[2025-06-15 20:42:04] yzzrr enviou mensagem em DM: 1383954503438700656
[2025-06-15 20:42:17] Status alterado: yzzrr — dnd > offline
[2025-06-15 20:42:17] yzzrr enviou mensagem em DM: 1383954555125108758
[2025-06-15 20:44:36] yzzrr enviou mensagem em DM: 1383955138883883040
[2025-06-15 20:44:40] yzzrr enviou mensagem em DM: 1383955158123286610
[2025-06-15 20:47:26] yzzrr enviou mensagem em DM: 1383955850330112020
[2025-06-15 20:47:45] yzzrr enviou mensagem em DM: 1383955930789711892
[2025-06-15 20:49:04] Conectado como reqert (ID: 1193819404094423070)
[2025-06-15 20:49:04] Monitorando yzzrr (ID: 659546816454459422)
[2025-06-15 20:49:20] Conectado como reqert (ID: 1193819404094423070)
[2025-06-15 20:49:21] Monitorando yzzrr (ID: 659546816454459422)
[2025-06-15 20:49:49] Conectado como reqert (ID: 1193819404094423070)
[2025-06-15 20:49:49] Monitorando yzzrr (ID: 659546816454459422)
[2025-06-15 20:49:49] Monitorando _77eternal (ID: 1130233380924051476)
[2025-06-15 20:49:49] Monitorando nntr (ID: 358711420612771861)
[2025-06-15 20:49:55] [MSG] nntr (358711420612771861) enviou uma mensagem em 🌎・chat: teste
[2025-06-15 20:52:38] [MSG] nntr (358711420612771861) enviou uma mensagem em Pussy Leaks # Nova Leaks / 🌎・chat: 1383957160861503598
[2025-06-15 20:52:39] Conectado como reqert (ID: 1193819404094423070)
[2025-06-15 20:52:39] Monitorando yzzrr (ID: 659546816454459422)
[2025-06-15 20:52:39] Monitorando _77eternal (ID: 1130233380924051476)
[2025-06-15 20:52:40] Monitorando nntr (ID: 358711420612771861)
[2025-06-15 20:52:41] [MSG] nntr (358711420612771861) enviou uma mensagem em Pussy Leaks # Nova Leaks / 🌎・chat: 1383957176086958131
[2025-06-15 20:52:48] [EDIT] nntr (358711420612771861) editou mensagem (1383957176086958131) em Pussy Leaks # Nova Leaks / 🌎・chat
- Antes: teste
- Depois: testea
[2025-06-15 20:52:58] [MSG] nntr (358711420612771861) enviou uma mensagem em Pussy Leaks # Nova Leaks / 🌎・chat: 1383957244751646792
[2025-06-15 20:52:59] [DELETE] nntr (358711420612771861) deletou mensagem (1383957244751646792) em 🌎・chat: teste2
